<?xml version="1.0" encoding="UTF-8"?>
<testng-results ignored="0" total="1" passed="1" failed="0" skipped="0">
  <reporter-output>
  </reporter-output>
  <suite started-at="2025-08-19T17:50:01 IST" name="Default suite" finished-at="2025-08-19T17:50:09 IST" duration-ms="7879">
    <groups>
    </groups>
    <test started-at="2025-08-19T17:50:01 IST" name="Default test" finished-at="2025-08-19T17:50:09 IST" duration-ms="7879">
      <class name="GoogleTest">
        <test-method signature="openGoogle()[pri:0, instance:GoogleTest@3c41ed1d]" started-at="2025-08-19T17:50:01 IST" name="openGoogle" finished-at="2025-08-19T17:50:09 IST" duration-ms="7806" status="PASS">
          <reporter-output>
          </reporter-output>
        </test-method> <!-- openGoogle -->
      </class> <!-- GoogleTest -->
    </test> <!-- Default test -->
  </suite> <!-- Default suite -->
</testng-results>
